<?xml version="1.0" encoding="UTF-8"?>
<testsuite xmlns:xsi="http://www.w3.org/2001/XMLSchema-instance" xsi:noNamespaceSchemaLocation="https://maven.apache.org/surefire/maven-surefire-plugin/xsd/surefire-test-report-3.0.xsd" version="3.0" name="com.manokel.tinysensor.javamysql.dao.UserDAOImplTest" time="1.674" tests="5" errors="0" skipped="0" failures="0">
  <properties>
[...]
</properties>
  <testcase name="getByUserLastname" classname="com.manokel.tinysensor.javamysql.dao.UserDAOImplTest" time="1.262"/>
  <testcase name="delete" classname="com.manokel.tinysensor.javamysql.dao.UserDAOImplTest" time="0.079"/>
  <testcase name="update" classname="com.manokel.tinysensor.javamysql.dao.UserDAOImplTest" time="0.105"/>
  <testcase name="getByUserId" classname="com.manokel.tinysensor.javamysql.dao.UserDAOImplTest" time="0.072"/>
  <testcase name="persistAndGetUser" classname="com.manokel.tinysensor.javamysql.dao.UserDAOImplTest" time="0.065"/>
</testsuite>